#-----------------------------------------------------------
# Vivado v2017.3 (64-bit)
# SW Build 2018833 on Wed Oct  4 19:58:22 MDT 2017
# IP Build 2016188 on Wed Oct  4 21:52:56 MDT 2017
# Start of session at: Fri Nov 22 09:31:58 2019
# Process ID: 21324
# Current directory: E:/zynq/signal/project_1
# Command line: vivado.exe -gui_launcher_event rodinguilauncherevent16204 E:\zynq\signal\project_1\project_1.xpr
# Log file: E:/zynq/signal/project_1/vivado.log
# Journal file: E:/zynq/signal/project_1\vivado.jou
#-----------------------------------------------------------
start_gui
open_project E:/zynq/signal/project_1/project_1.xpr
Scanning sources...
Finished scanning sources
INFO: [IP_Flow 19-234] Refreshing IP repositories
INFO: [IP_Flow 19-1700] Loaded user IP repository 'e:/BPNN_return/BPNN_return'.
INFO: [IP_Flow 19-1700] Loaded user IP repository 'e:/zynq/VGA_IP/ip_repo/vga640x480_1.0'.
INFO: [IP_Flow 19-2313] Loaded Vivado IP repository 'D:/Xilinx/Vivado/2017.3/data/ip'.
open_project: Time (s): cpu = 00:00:27 ; elapsed = 00:00:21 . Memory (MB): peak = 879.984 ; gain = 155.438
update_compile_order -fileset sources_1
open_bd_design {E:/zynq/signal/project_1/project_1.srcs/sources_1/bd/design_1/design_1.bd}
Adding cell -- xilinx.com:ip:processing_system7:5.5 - processing_system7_0
Adding cell -- xilinx.com:ip:axi_gpio:2.0 - axi_gpio_0
Adding cell -- xilinx.com:user:vga640x480_v1_1:1.1 - vga640x480_v1_1_0
Adding cell -- xilinx.com:ip:clk_wiz:5.4 - clk_wiz_0
Adding cell -- Jaor:hls:bpnn:1.0 - bpnn_0
Adding cell -- xilinx.com:ip:proc_sys_reset:5.0 - rst_ps7_0_100M
Adding cell -- xilinx.com:ip:axi_crossbar:2.1 - xbar
Adding cell -- xilinx.com:ip:axi_protocol_converter:2.1 - auto_pc
Successfully read diagram <design_1> from BD file <E:/zynq/signal/project_1/project_1.srcs/sources_1/bd/design_1/design_1.bd>
open_bd_design: Time (s): cpu = 00:00:12 ; elapsed = 00:00:11 . Memory (MB): peak = 902.754 ; gain = 22.770
launch_sdk -workspace E:/zynq/signal/project_1/project_1.sdk -hwspec E:/zynq/signal/project_1/project_1.sdk/design_1_wrapper.hdf
INFO: [Vivado 12-393] Launching SDK...
INFO: [Vivado 12-417] Running xsdk -workspace E:/zynq/signal/project_1/project_1.sdk -hwspec E:/zynq/signal/project_1/project_1.sdk/design_1_wrapper.hdf
INFO: [Vivado 12-3157] SDK launch initiated. Please check console for any further messages.
exit
INFO: [Common 17-206] Exiting Vivado at Fri Nov 22 17:36:29 2019...
