#-----------------------------------------------------------
# Vivado v2017.3 (64-bit)
# SW Build 2018833 on Wed Oct  4 19:58:22 MDT 2017
# IP Build 2016188 on Wed Oct  4 21:52:56 MDT 2017
# Start of session at: Thu Nov 14 14:43:32 2019
# Process ID: 13944
# Current directory: E:/zynq/signal/project_1
# Command line: vivado.exe -gui_launcher_event rodinguilauncherevent10724 E:\zynq\signal\project_1\project_1.xpr
# Log file: E:/zynq/signal/project_1/vivado.log
# Journal file: E:/zynq/signal/project_1\vivado.jou
#-----------------------------------------------------------
start_gui
open_project E:/zynq/signal/project_1/project_1.xpr
Scanning sources...
Finished scanning sources
INFO: [IP_Flow 19-234] Refreshing IP repositories
INFO: [IP_Flow 19-1700] Loaded user IP repository 'e:/BPNN_return/BPNN_return'.
INFO: [IP_Flow 19-1700] Loaded user IP repository 'e:/zynq/VGA_IP/ip_repo/vga640x480_1.0'.
INFO: [IP_Flow 19-2313] Loaded Vivado IP repository 'D:/Xilinx/Vivado/2017.3/data/ip'.
open_project: Time (s): cpu = 00:00:22 ; elapsed = 00:00:11 . Memory (MB): peak = 951.113 ; gain = 193.895
update_compile_order -fileset sources_1
launch_sdk -workspace E:/zynq/signal/project_1/project_1.sdk -hwspec E:/zynq/signal/project_1/project_1.sdk/design_1_wrapper.hdf
INFO: [Vivado 12-393] Launching SDK...
INFO: [Vivado 12-417] Running xsdk -workspace E:/zynq/signal/project_1/project_1.sdk -hwspec E:/zynq/signal/project_1/project_1.sdk/design_1_wrapper.hdf
INFO: [Vivado 12-3157] SDK launch initiated. Please check console for any further messages.
exit
INFO: [Common 17-206] Exiting Vivado at Thu Nov 14 21:19:27 2019...
